<?xml version="1.0" encoding="UTF-8"?>
<!-- Generated by org.testng.reporters.JUnitReportReporter -->
<testsuite hostname="MMLDVTRISHULMO" failures="0" tests="1" name="fancode.StandaloneFCAssignment" time="1.983" errors="0" timestamp="2024-06-17T15:09:30 IST" skipped="0">
  <testcase classname="fancode.StandaloneFCAssignment" name="FC_SDET_Assignment" time="1.983"/>
  <system-out/>
</testsuite> <!-- fancode.StandaloneFCAssignment -->
