<?xml version="1.0" encoding="UTF-8"?>
<!-- Generated by org.testng.reporters.JUnitReportReporter -->
<testsuite hostname="MMLDVTRISHULMO" failures="0" tests="1" name="runners.TestRunner" time="2.413" errors="0" timestamp="2024-06-17T14:30:17 IST" skipped="0">
  <testcase classname="runners.TestRunner" name="runScenario" time="2.413"/>
  <system-out/>
</testsuite> <!-- runners.TestRunner -->
