<?xml version="1.0" encoding="UTF-8"?>
<!-- Generated by org.testng.reporters.JUnitReportReporter -->
<testsuite hostname="MMLDVTRISHULMO" failures="0" tests="1" name="runners.TestRunner" time="3.029" errors="0" timestamp="2024-06-17T15:47:22 IST" skipped="0">
  <testcase classname="runners.TestRunner" name="runScenario" time="3.029"/>
  <system-out/>
</testsuite> <!-- runners.TestRunner -->
